<?xml version="1.0" encoding="UTF-8"?>
<!-- Generated by org.testng.reporters.JUnitReportReporter -->
<testsuite hostname="LAPTOP-TDDV87RG" failures="0" tests="3" name="com.qa.lnw.testRunner.TestRunner" time="103.343" errors="0" timestamp="2024-05-30T16:58:25 IST" skipped="0">
  <testcase classname="com.qa.lnw.testRunner.TestRunner" name="runScenario" time="31.467"/>
  <testcase classname="com.qa.lnw.testRunner.TestRunner" name="runScenario" time="41.080"/>
  <testcase classname="com.qa.lnw.testRunner.TestRunner" name="runScenario" time="30.796"/>
</testsuite> <!-- com.qa.lnw.testRunner.TestRunner -->
